\BOOKMARK [1][-]{section.1}{Introduction}{}% 1
\BOOKMARK [1][-]{section.2}{Transcript Setup}{}% 2
\BOOKMARK [1][-]{section.3}{Translation task}{}% 3
\BOOKMARK [1][-]{section.4}{Translation Success Measure}{}% 4
\BOOKMARK [1][-]{section.5}{Predictions}{}% 5
\BOOKMARK [1][-]{section.6}{Experiment 1: Well-Documented Language Translation Ring}{}% 6
\BOOKMARK [2][-]{subsection.6.1}{Language Setup}{section.6}% 7
\BOOKMARK [2][-]{subsection.6.2}{Experimental Design}{section.6}% 8
\BOOKMARK [2][-]{subsection.6.3}{Results}{section.6}% 9
\BOOKMARK [1][-]{section.7}{Experiment 2: Under-Documented Language Translation Ring}{}% 10
\BOOKMARK [2][-]{subsection.7.1}{Language Setup}{section.7}% 11
\BOOKMARK [2][-]{subsection.7.2}{Experimental Design}{section.7}% 12
\BOOKMARK [2][-]{subsection.7.3}{Results}{section.7}% 13
\BOOKMARK [1][-]{section.8}{Analysis}{}% 14
\BOOKMARK [2][-]{subsection.8.1}{Comparing Languages}{section.8}% 15
\BOOKMARK [2][-]{subsection.8.2}{Comparing Transcripts}{section.8}% 16
\BOOKMARK [1][-]{section.9}{Conclusions}{}% 17
\BOOKMARK [1][-]{section.10}{Appendix}{}% 18
\BOOKMARK [2][-]{subsection.10.1}{Transcript: The Bible, Genesis}{section.10}% 19
\BOOKMARK [3][-]{subsubsection.10.1.1}{Experiment 1}{subsection.10.1}% 20
\BOOKMARK [3][-]{subsubsection.10.1.2}{Experiment 2}{subsection.10.1}% 21
\BOOKMARK [2][-]{subsection.10.2}{Transcript: Melville’s Moby Dick, Chapter 1}{section.10}% 22
\BOOKMARK [3][-]{subsubsection.10.2.1}{Experiment 1}{subsection.10.2}% 23
\BOOKMARK [3][-]{subsubsection.10.2.2}{Experiment 2}{subsection.10.2}% 24
\BOOKMARK [2][-]{subsection.10.3}{Transcript: Marriam-Webster English Dictionary, definition of Abdicate}{section.10}% 25
\BOOKMARK [3][-]{subsubsection.10.3.1}{Experiment 1}{subsection.10.3}% 26
\BOOKMARK [3][-]{subsubsection.10.3.2}{Experiment 2}{subsection.10.3}% 27
\BOOKMARK [2][-]{subsection.10.4}{Transcript: Bedau’s patensample.txt}{section.10}% 28
\BOOKMARK [3][-]{subsubsection.10.4.1}{Experiment 1}{subsection.10.4}% 29
\BOOKMARK [3][-]{subsubsection.10.4.2}{Experiment 2}{subsection.10.4}% 30
\BOOKMARK [2][-]{subsection.10.5}{Transcript: Shakespeare’s Henry IV, Part 1}{section.10}% 31
\BOOKMARK [3][-]{subsubsection.10.5.1}{Experiment 1}{subsection.10.5}% 32
\BOOKMARK [3][-]{subsubsection.10.5.2}{Experiment 2}{subsection.10.5}% 33
